/home/thor10001/finalproject/webots_finalproject/src/webots_finalproject/install/webots_finalproject/lib/python3.10/site-packages/webots_finalproject/__init__.py
/home/thor10001/finalproject/webots_finalproject/src/webots_finalproject/install/webots_finalproject/lib/python3.10/site-packages/webots_finalproject/webots_finalproject.py
/home/thor10001/finalproject/webots_finalproject/src/webots_finalproject/install/webots_finalproject/lib/python3.10/site-packages/webots_finalproject/webots_apriltags_lab.py
/home/thor10001/finalproject/webots_finalproject/src/webots_finalproject/install/webots_finalproject/lib/python3.10/site-packages/webots_finalproject/webots_ros2_homework1_python.py
/home/thor10001/finalproject/webots_finalproject/src/webots_finalproject/install/webots_finalproject/lib/python3.10/site-packages/webots_finalproject/__pycache__/__init__.cpython-310.pyc
/home/thor10001/finalproject/webots_finalproject/src/webots_finalproject/install/webots_finalproject/lib/python3.10/site-packages/webots_finalproject/__pycache__/webots_finalproject.cpython-310.pyc
/home/thor10001/finalproject/webots_finalproject/src/webots_finalproject/install/webots_finalproject/lib/python3.10/site-packages/webots_finalproject/__pycache__/webots_apriltags_lab.cpython-310.pyc
/home/thor10001/finalproject/webots_finalproject/src/webots_finalproject/install/webots_finalproject/lib/python3.10/site-packages/webots_finalproject/__pycache__/webots_ros2_homework1_python.cpython-310.pyc
/home/thor10001/finalproject/webots_finalproject/src/webots_finalproject/install/webots_finalproject/share/ament_index/resource_index/packages/webots_finalproject
/home/thor10001/finalproject/webots_finalproject/src/webots_finalproject/install/webots_finalproject/share/webots_finalproject/launch/webots_finalproject.launch.py
/home/thor10001/finalproject/webots_finalproject/src/webots_finalproject/install/webots_finalproject/share/webots_finalproject/worlds/maze1_smallest.wbt
/home/thor10001/finalproject/webots_finalproject/src/webots_finalproject/install/webots_finalproject/share/webots_finalproject/package.xml
/home/thor10001/finalproject/webots_finalproject/src/webots_finalproject/install/webots_finalproject/share/webots_finalproject/resource/turtlebot_webots.urdf
/home/thor10001/finalproject/webots_finalproject/src/webots_finalproject/install/webots_finalproject/share/webots_finalproject/resource/ros2control.yml
/home/thor10001/finalproject/webots_finalproject/src/webots_finalproject/install/webots_finalproject/lib/python3.10/site-packages/webots_finalproject-0.0.0-py3.10.egg-info/SOURCES.txt
/home/thor10001/finalproject/webots_finalproject/src/webots_finalproject/install/webots_finalproject/lib/python3.10/site-packages/webots_finalproject-0.0.0-py3.10.egg-info/entry_points.txt
/home/thor10001/finalproject/webots_finalproject/src/webots_finalproject/install/webots_finalproject/lib/python3.10/site-packages/webots_finalproject-0.0.0-py3.10.egg-info/zip-safe
/home/thor10001/finalproject/webots_finalproject/src/webots_finalproject/install/webots_finalproject/lib/python3.10/site-packages/webots_finalproject-0.0.0-py3.10.egg-info/PKG-INFO
/home/thor10001/finalproject/webots_finalproject/src/webots_finalproject/install/webots_finalproject/lib/python3.10/site-packages/webots_finalproject-0.0.0-py3.10.egg-info/requires.txt
/home/thor10001/finalproject/webots_finalproject/src/webots_finalproject/install/webots_finalproject/lib/python3.10/site-packages/webots_finalproject-0.0.0-py3.10.egg-info/dependency_links.txt
/home/thor10001/finalproject/webots_finalproject/src/webots_finalproject/install/webots_finalproject/lib/python3.10/site-packages/webots_finalproject-0.0.0-py3.10.egg-info/top_level.txt
/home/thor10001/finalproject/webots_finalproject/src/webots_finalproject/install/webots_finalproject/lib/webots_finalproject/webots_finalproject
