[0.300s] Invoking command in '/home/thor10001/finalproject/webots_finalproject/src/webots_finalproject': PYTHONPATH=/home/thor10001/finalproject/webots_finalproject/src/webots_finalproject/build/webots_finalproject/prefix_override:/usr/lib/python3/dist-packages/colcon_core/task/python/colcon_distutils_commands:/home/thor10001/finalproject/webots_finalproject/src/webots_finalproject/install/webots_finalproject/lib/python3.10/site-packages:${PYTHONPATH} /usr/bin/python3 -W ignore:setup.py install is deprecated setup.py egg_info --egg-base build/webots_finalproject build --build-base /home/thor10001/finalproject/webots_finalproject/src/webots_finalproject/build/webots_finalproject/build install --record /home/thor10001/finalproject/webots_finalproject/src/webots_finalproject/build/webots_finalproject/install.log --single-version-externally-managed install_data
[0.392s] running egg_info
[0.393s] writing build/webots_finalproject/webots_finalproject.egg-info/PKG-INFO
[0.393s] writing dependency_links to build/webots_finalproject/webots_finalproject.egg-info/dependency_links.txt
[0.393s] writing entry points to build/webots_finalproject/webots_finalproject.egg-info/entry_points.txt
[0.393s] writing requirements to build/webots_finalproject/webots_finalproject.egg-info/requires.txt
[0.393s] writing top-level names to build/webots_finalproject/webots_finalproject.egg-info/top_level.txt
[0.394s] reading manifest file 'build/webots_finalproject/webots_finalproject.egg-info/SOURCES.txt'
[0.394s] writing manifest file 'build/webots_finalproject/webots_finalproject.egg-info/SOURCES.txt'
[0.395s] running build
[0.395s] running build_py
[0.395s] running install
[0.395s] running install_lib
[0.396s] running install_data
[0.396s] copying worlds/maze1_smallest.wbt -> /home/thor10001/finalproject/webots_finalproject/src/webots_finalproject/install/webots_finalproject/share/webots_finalproject/worlds
[0.396s] copying package.xml -> /home/thor10001/finalproject/webots_finalproject/src/webots_finalproject/install/webots_finalproject/share/webots_finalproject
[0.396s] creating /home/thor10001/finalproject/webots_finalproject/src/webots_finalproject/install/webots_finalproject/share/webots_finalproject/resource
[0.396s] copying resource/turtlebot_webots.urdf -> /home/thor10001/finalproject/webots_finalproject/src/webots_finalproject/install/webots_finalproject/share/webots_finalproject/resource
[0.396s] copying resource/ros2control.yml -> /home/thor10001/finalproject/webots_finalproject/src/webots_finalproject/install/webots_finalproject/share/webots_finalproject/resource
[0.396s] running install_egg_info
[0.397s] Copying build/webots_finalproject/webots_finalproject.egg-info to /home/thor10001/finalproject/webots_finalproject/src/webots_finalproject/install/webots_finalproject/lib/python3.10/site-packages/webots_finalproject-0.0.0-py3.10.egg-info
[0.397s] running install_scripts
[0.407s] Installing webots_finalproject script to /home/thor10001/finalproject/webots_finalproject/src/webots_finalproject/install/webots_finalproject/lib/webots_finalproject
[0.408s] writing list of installed files to '/home/thor10001/finalproject/webots_finalproject/src/webots_finalproject/build/webots_finalproject/install.log'
[0.421s] Invoked command in '/home/thor10001/finalproject/webots_finalproject/src/webots_finalproject' returned '0': PYTHONPATH=/home/thor10001/finalproject/webots_finalproject/src/webots_finalproject/build/webots_finalproject/prefix_override:/usr/lib/python3/dist-packages/colcon_core/task/python/colcon_distutils_commands:/home/thor10001/finalproject/webots_finalproject/src/webots_finalproject/install/webots_finalproject/lib/python3.10/site-packages:${PYTHONPATH} /usr/bin/python3 -W ignore:setup.py install is deprecated setup.py egg_info --egg-base build/webots_finalproject build --build-base /home/thor10001/finalproject/webots_finalproject/src/webots_finalproject/build/webots_finalproject/build install --record /home/thor10001/finalproject/webots_finalproject/src/webots_finalproject/build/webots_finalproject/install.log --single-version-externally-managed install_data
