[0.286s] Invoking command in '/home/thor10001/finalproject/webots_finalproject/src/webots_finalproject': PYTHONPATH=/home/thor10001/finalproject/webots_finalproject/src/webots_finalproject/build/webots_apriltags/prefix_override:/usr/lib/python3/dist-packages/colcon_core/task/python/colcon_distutils_commands:/home/thor10001/finalproject/webots_finalproject/src/webots_finalproject/install/webots_apriltags/lib/python3.10/site-packages:${PYTHONPATH} /usr/bin/python3 -W ignore:setup.py install is deprecated setup.py egg_info --egg-base build/webots_apriltags build --build-base /home/thor10001/finalproject/webots_finalproject/src/webots_finalproject/build/webots_apriltags/build install --record /home/thor10001/finalproject/webots_finalproject/src/webots_finalproject/build/webots_apriltags/install.log --single-version-externally-managed install_data
[0.381s] running egg_info
[0.382s] writing build/webots_apriltags/webots_apriltags.egg-info/PKG-INFO
[0.382s] writing dependency_links to build/webots_apriltags/webots_apriltags.egg-info/dependency_links.txt
[0.382s] writing entry points to build/webots_apriltags/webots_apriltags.egg-info/entry_points.txt
[0.382s] writing requirements to build/webots_apriltags/webots_apriltags.egg-info/requires.txt
[0.382s] writing top-level names to build/webots_apriltags/webots_apriltags.egg-info/top_level.txt
[0.382s] reading manifest file 'build/webots_apriltags/webots_apriltags.egg-info/SOURCES.txt'
[0.383s] writing manifest file 'build/webots_apriltags/webots_apriltags.egg-info/SOURCES.txt'
[0.383s] running build
[0.383s] running build_py
[0.383s] running install
[0.383s] running install_lib
[0.384s] running install_data
[0.384s] copying launch/webots_apriltags.launch.py -> /home/thor10001/finalproject/webots_finalproject/src/webots_finalproject/install/webots_apriltags/share/webots_apriltags/launch
[0.384s] running install_egg_info
[0.385s] removing '/home/thor10001/finalproject/webots_finalproject/src/webots_finalproject/install/webots_apriltags/lib/python3.10/site-packages/webots_apriltags-0.0.0-py3.10.egg-info' (and everything under it)
[0.385s] Copying build/webots_apriltags/webots_apriltags.egg-info to /home/thor10001/finalproject/webots_finalproject/src/webots_finalproject/install/webots_apriltags/lib/python3.10/site-packages/webots_apriltags-0.0.0-py3.10.egg-info
[0.386s] running install_scripts
[0.399s] Installing webots_apriltags script to /home/thor10001/finalproject/webots_finalproject/src/webots_finalproject/install/webots_apriltags/lib/webots_apriltags
[0.399s] writing list of installed files to '/home/thor10001/finalproject/webots_finalproject/src/webots_finalproject/build/webots_apriltags/install.log'
[0.413s] Invoked command in '/home/thor10001/finalproject/webots_finalproject/src/webots_finalproject' returned '0': PYTHONPATH=/home/thor10001/finalproject/webots_finalproject/src/webots_finalproject/build/webots_apriltags/prefix_override:/usr/lib/python3/dist-packages/colcon_core/task/python/colcon_distutils_commands:/home/thor10001/finalproject/webots_finalproject/src/webots_finalproject/install/webots_apriltags/lib/python3.10/site-packages:${PYTHONPATH} /usr/bin/python3 -W ignore:setup.py install is deprecated setup.py egg_info --egg-base build/webots_apriltags build --build-base /home/thor10001/finalproject/webots_finalproject/src/webots_finalproject/build/webots_apriltags/build install --record /home/thor10001/finalproject/webots_finalproject/src/webots_finalproject/build/webots_apriltags/install.log --single-version-externally-managed install_data
