[0.281s] Invoking command in '/home/thor10001/finalproject/webots_finalproject/src/webots_finalproject': PYTHONPATH=/home/thor10001/finalproject/webots_finalproject/src/webots_finalproject/build/webots_finalproject/prefix_override:/usr/lib/python3/dist-packages/colcon_core/task/python/colcon_distutils_commands:/home/thor10001/finalproject/webots_finalproject/src/webots_finalproject/install/webots_finalproject/lib/python3.10/site-packages:${PYTHONPATH} /usr/bin/python3 -W ignore:setup.py install is deprecated setup.py egg_info --egg-base build/webots_finalproject build --build-base /home/thor10001/finalproject/webots_finalproject/src/webots_finalproject/build/webots_finalproject/build install --record /home/thor10001/finalproject/webots_finalproject/src/webots_finalproject/build/webots_finalproject/install.log --single-version-externally-managed install_data
[0.386s] running egg_info
[0.386s] writing build/webots_finalproject/webots_finalproject.egg-info/PKG-INFO
[0.386s] writing dependency_links to build/webots_finalproject/webots_finalproject.egg-info/dependency_links.txt
[0.386s] writing entry points to build/webots_finalproject/webots_finalproject.egg-info/entry_points.txt
[0.386s] writing requirements to build/webots_finalproject/webots_finalproject.egg-info/requires.txt
[0.386s] writing top-level names to build/webots_finalproject/webots_finalproject.egg-info/top_level.txt
[0.387s] reading manifest file 'build/webots_finalproject/webots_finalproject.egg-info/SOURCES.txt'
[0.387s] writing manifest file 'build/webots_finalproject/webots_finalproject.egg-info/SOURCES.txt'
[0.388s] running build
[0.388s] running build_py
[0.388s] running install
[0.388s] running install_lib
[0.388s] running install_data
[0.388s] copying worlds/maze.wbt -> /home/thor10001/finalproject/webots_finalproject/src/webots_finalproject/install/webots_finalproject/share/webots_finalproject/worlds
[0.388s] copying package.xml -> /home/thor10001/finalproject/webots_finalproject/src/webots_finalproject/install/webots_finalproject/share/webots_finalproject
[0.388s] creating /home/thor10001/finalproject/webots_finalproject/src/webots_finalproject/install/webots_finalproject/share/webots_finalproject/resource
[0.389s] copying resource/turtlebot_webots.urdf -> /home/thor10001/finalproject/webots_finalproject/src/webots_finalproject/install/webots_finalproject/share/webots_finalproject/resource
[0.389s] copying resource/ros2control.yml -> /home/thor10001/finalproject/webots_finalproject/src/webots_finalproject/install/webots_finalproject/share/webots_finalproject/resource
[0.389s] creating /home/thor10001/finalproject/webots_finalproject/src/webots_finalproject/install/webots_finalproject/share/webots_finalproject/rviz
[0.389s] error: can't copy 'rviz/turtlebot3_finalproject.rviz': doesn't exist or not a regular file
[0.401s] Invoked command in '/home/thor10001/finalproject/webots_finalproject/src/webots_finalproject' returned '1': PYTHONPATH=/home/thor10001/finalproject/webots_finalproject/src/webots_finalproject/build/webots_finalproject/prefix_override:/usr/lib/python3/dist-packages/colcon_core/task/python/colcon_distutils_commands:/home/thor10001/finalproject/webots_finalproject/src/webots_finalproject/install/webots_finalproject/lib/python3.10/site-packages:${PYTHONPATH} /usr/bin/python3 -W ignore:setup.py install is deprecated setup.py egg_info --egg-base build/webots_finalproject build --build-base /home/thor10001/finalproject/webots_finalproject/src/webots_finalproject/build/webots_finalproject/build install --record /home/thor10001/finalproject/webots_finalproject/src/webots_finalproject/build/webots_finalproject/install.log --single-version-externally-managed install_data
