[0.289s] Invoking command in '/home/thor10001/finalproject/webots_finalproject/src/webots_finalproject': PYTHONPATH=/home/thor10001/finalproject/webots_finalproject/src/webots_finalproject/build/webots_finalproject/prefix_override:/usr/lib/python3/dist-packages/colcon_core/task/python/colcon_distutils_commands:/home/thor10001/finalproject/webots_finalproject/src/webots_finalproject/install/webots_finalproject/lib/python3.10/site-packages:${PYTHONPATH} /usr/bin/python3 -W ignore:setup.py install is deprecated setup.py egg_info --egg-base build/webots_finalproject build --build-base /home/thor10001/finalproject/webots_finalproject/src/webots_finalproject/build/webots_finalproject/build install --record /home/thor10001/finalproject/webots_finalproject/src/webots_finalproject/build/webots_finalproject/install.log --single-version-externally-managed install_data
[0.390s] running egg_info
[0.390s] writing build/webots_finalproject/webots_finalproject.egg-info/PKG-INFO
[0.390s] writing dependency_links to build/webots_finalproject/webots_finalproject.egg-info/dependency_links.txt
[0.390s] writing entry points to build/webots_finalproject/webots_finalproject.egg-info/entry_points.txt
[0.390s] writing requirements to build/webots_finalproject/webots_finalproject.egg-info/requires.txt
[0.390s] writing top-level names to build/webots_finalproject/webots_finalproject.egg-info/top_level.txt
[0.390s] reading manifest file 'build/webots_finalproject/webots_finalproject.egg-info/SOURCES.txt'
[0.391s] writing manifest file 'build/webots_finalproject/webots_finalproject.egg-info/SOURCES.txt'
[0.391s] running build
[0.391s] running build_py
[0.391s] running install
[0.391s] running install_lib
[0.392s] running install_data
[0.392s] copying rviz/turtlebot3_finalproject.rviz -> /home/thor10001/finalproject/webots_finalproject/src/webots_finalproject/install/webots_finalproject/share/webots_finalproject/rviz
[0.392s] running install_egg_info
[0.393s] Copying build/webots_finalproject/webots_finalproject.egg-info to /home/thor10001/finalproject/webots_finalproject/src/webots_finalproject/install/webots_finalproject/lib/python3.10/site-packages/webots_finalproject-0.0.0-py3.10.egg-info
[0.394s] running install_scripts
[0.404s] Installing webots_finalproject script to /home/thor10001/finalproject/webots_finalproject/src/webots_finalproject/install/webots_finalproject/lib/webots_finalproject
[0.404s] writing list of installed files to '/home/thor10001/finalproject/webots_finalproject/src/webots_finalproject/build/webots_finalproject/install.log'
[0.419s] Invoked command in '/home/thor10001/finalproject/webots_finalproject/src/webots_finalproject' returned '0': PYTHONPATH=/home/thor10001/finalproject/webots_finalproject/src/webots_finalproject/build/webots_finalproject/prefix_override:/usr/lib/python3/dist-packages/colcon_core/task/python/colcon_distutils_commands:/home/thor10001/finalproject/webots_finalproject/src/webots_finalproject/install/webots_finalproject/lib/python3.10/site-packages:${PYTHONPATH} /usr/bin/python3 -W ignore:setup.py install is deprecated setup.py egg_info --egg-base build/webots_finalproject build --build-base /home/thor10001/finalproject/webots_finalproject/src/webots_finalproject/build/webots_finalproject/build install --record /home/thor10001/finalproject/webots_finalproject/src/webots_finalproject/build/webots_finalproject/install.log --single-version-externally-managed install_data
